CRITICAL - 2021-07-15 00:11:30 --> Too few arguments to function App\Controllers\Loketpanggil::edit(), 0 passed in C:\Users\sahru\Downloads\ci\system\CodeIgniter.php on line 928 and exactly 1 expected
#0 C:\Users\sahru\Downloads\ci\system\CodeIgniter.php(928): App\Controllers\Loketpanggil->edit()
#1 C:\Users\sahru\Downloads\ci\system\CodeIgniter.php(436): CodeIgniter\CodeIgniter->runController(Object(App\Controllers\Loketpanggil))
#2 C:\Users\sahru\Downloads\ci\system\CodeIgniter.php(336): CodeIgniter\CodeIgniter->handleRequest(NULL, Object(Config\Cache), false)
#3 C:\Users\sahru\Downloads\ci\public\index.php(37): CodeIgniter\CodeIgniter->run()
#4 C:\Users\sahru\Downloads\ci\system\Commands\Server\rewrite.php(45): require_once('C:\\Users\\sahru\\...')
#5 {main}
CRITICAL - 2021-07-15 00:11:40 --> Too few arguments to function App\Controllers\Loketpanggil::edit(), 0 passed in C:\Users\sahru\Downloads\ci\system\CodeIgniter.php on line 928 and exactly 1 expected
#0 C:\Users\sahru\Downloads\ci\system\CodeIgniter.php(928): App\Controllers\Loketpanggil->edit()
#1 C:\Users\sahru\Downloads\ci\system\CodeIgniter.php(436): CodeIgniter\CodeIgniter->runController(Object(App\Controllers\Loketpanggil))
#2 C:\Users\sahru\Downloads\ci\system\CodeIgniter.php(336): CodeIgniter\CodeIgniter->handleRequest(NULL, Object(Config\Cache), false)
#3 C:\Users\sahru\Downloads\ci\public\index.php(37): CodeIgniter\CodeIgniter->run()
#4 C:\Users\sahru\Downloads\ci\system\Commands\Server\rewrite.php(45): require_once('C:\\Users\\sahru\\...')
#5 {main}
CRITICAL - 2021-07-15 00:11:46 --> Too few arguments to function App\Controllers\Loketpanggil::edit(), 0 passed in C:\Users\sahru\Downloads\ci\system\CodeIgniter.php on line 928 and exactly 1 expected
#0 C:\Users\sahru\Downloads\ci\system\CodeIgniter.php(928): App\Controllers\Loketpanggil->edit()
#1 C:\Users\sahru\Downloads\ci\system\CodeIgniter.php(436): CodeIgniter\CodeIgniter->runController(Object(App\Controllers\Loketpanggil))
#2 C:\Users\sahru\Downloads\ci\system\CodeIgniter.php(336): CodeIgniter\CodeIgniter->handleRequest(NULL, Object(Config\Cache), false)
#3 C:\Users\sahru\Downloads\ci\public\index.php(37): CodeIgniter\CodeIgniter->run()
#4 C:\Users\sahru\Downloads\ci\system\Commands\Server\rewrite.php(45): require_once('C:\\Users\\sahru\\...')
#5 {main}
CRITICAL - 2021-07-15 00:11:52 --> Too few arguments to function App\Controllers\Loketpanggil::edit(), 0 passed in C:\Users\sahru\Downloads\ci\system\CodeIgniter.php on line 928 and exactly 1 expected
#0 C:\Users\sahru\Downloads\ci\system\CodeIgniter.php(928): App\Controllers\Loketpanggil->edit()
#1 C:\Users\sahru\Downloads\ci\system\CodeIgniter.php(436): CodeIgniter\CodeIgniter->runController(Object(App\Controllers\Loketpanggil))
#2 C:\Users\sahru\Downloads\ci\system\CodeIgniter.php(336): CodeIgniter\CodeIgniter->handleRequest(NULL, Object(Config\Cache), false)
#3 C:\Users\sahru\Downloads\ci\public\index.php(37): CodeIgniter\CodeIgniter->run()
#4 C:\Users\sahru\Downloads\ci\system\Commands\Server\rewrite.php(45): require_once('C:\\Users\\sahru\\...')
#5 {main}
CRITICAL - 2021-07-15 00:12:13 --> Too few arguments to function App\Controllers\Loketpanggil::edit(), 0 passed in C:\Users\sahru\Downloads\ci\system\CodeIgniter.php on line 928 and exactly 1 expected
#0 C:\Users\sahru\Downloads\ci\system\CodeIgniter.php(928): App\Controllers\Loketpanggil->edit()
#1 C:\Users\sahru\Downloads\ci\system\CodeIgniter.php(436): CodeIgniter\CodeIgniter->runController(Object(App\Controllers\Loketpanggil))
#2 C:\Users\sahru\Downloads\ci\system\CodeIgniter.php(336): CodeIgniter\CodeIgniter->handleRequest(NULL, Object(Config\Cache), false)
#3 C:\Users\sahru\Downloads\ci\public\index.php(37): CodeIgniter\CodeIgniter->run()
#4 C:\Users\sahru\Downloads\ci\system\Commands\Server\rewrite.php(45): require_once('C:\\Users\\sahru\\...')
#5 {main}
CRITICAL - 2021-07-15 00:13:25 --> Too few arguments to function App\Controllers\Loketpanggil::edit(), 0 passed in C:\Users\sahru\Downloads\ci\system\CodeIgniter.php on line 928 and exactly 1 expected
#0 C:\Users\sahru\Downloads\ci\system\CodeIgniter.php(928): App\Controllers\Loketpanggil->edit()
#1 C:\Users\sahru\Downloads\ci\system\CodeIgniter.php(436): CodeIgniter\CodeIgniter->runController(Object(App\Controllers\Loketpanggil))
#2 C:\Users\sahru\Downloads\ci\system\CodeIgniter.php(336): CodeIgniter\CodeIgniter->handleRequest(NULL, Object(Config\Cache), false)
#3 C:\Users\sahru\Downloads\ci\public\index.php(37): CodeIgniter\CodeIgniter->run()
#4 C:\Users\sahru\Downloads\ci\system\Commands\Server\rewrite.php(45): require_once('C:\\Users\\sahru\\...')
#5 {main}
CRITICAL - 2021-07-15 00:13:28 --> Too few arguments to function App\Controllers\Loketpanggil::edit(), 0 passed in C:\Users\sahru\Downloads\ci\system\CodeIgniter.php on line 928 and exactly 1 expected
#0 C:\Users\sahru\Downloads\ci\system\CodeIgniter.php(928): App\Controllers\Loketpanggil->edit()
#1 C:\Users\sahru\Downloads\ci\system\CodeIgniter.php(436): CodeIgniter\CodeIgniter->runController(Object(App\Controllers\Loketpanggil))
#2 C:\Users\sahru\Downloads\ci\system\CodeIgniter.php(336): CodeIgniter\CodeIgniter->handleRequest(NULL, Object(Config\Cache), false)
#3 C:\Users\sahru\Downloads\ci\public\index.php(37): CodeIgniter\CodeIgniter->run()
#4 C:\Users\sahru\Downloads\ci\system\Commands\Server\rewrite.php(45): require_once('C:\\Users\\sahru\\...')
#5 {main}
CRITICAL - 2021-07-15 00:13:38 --> Too few arguments to function App\Controllers\Loketpanggil::edit(), 0 passed in C:\Users\sahru\Downloads\ci\system\CodeIgniter.php on line 928 and exactly 1 expected
#0 C:\Users\sahru\Downloads\ci\system\CodeIgniter.php(928): App\Controllers\Loketpanggil->edit()
#1 C:\Users\sahru\Downloads\ci\system\CodeIgniter.php(436): CodeIgniter\CodeIgniter->runController(Object(App\Controllers\Loketpanggil))
#2 C:\Users\sahru\Downloads\ci\system\CodeIgniter.php(336): CodeIgniter\CodeIgniter->handleRequest(NULL, Object(Config\Cache), false)
#3 C:\Users\sahru\Downloads\ci\public\index.php(37): CodeIgniter\CodeIgniter->run()
#4 C:\Users\sahru\Downloads\ci\system\Commands\Server\rewrite.php(45): require_once('C:\\Users\\sahru\\...')
#5 {main}
CRITICAL - 2021-07-15 00:13:42 --> Too few arguments to function App\Controllers\Loketpanggil::edit(), 0 passed in C:\Users\sahru\Downloads\ci\system\CodeIgniter.php on line 928 and exactly 1 expected
#0 C:\Users\sahru\Downloads\ci\system\CodeIgniter.php(928): App\Controllers\Loketpanggil->edit()
#1 C:\Users\sahru\Downloads\ci\system\CodeIgniter.php(436): CodeIgniter\CodeIgniter->runController(Object(App\Controllers\Loketpanggil))
#2 C:\Users\sahru\Downloads\ci\system\CodeIgniter.php(336): CodeIgniter\CodeIgniter->handleRequest(NULL, Object(Config\Cache), false)
#3 C:\Users\sahru\Downloads\ci\public\index.php(37): CodeIgniter\CodeIgniter->run()
#4 C:\Users\sahru\Downloads\ci\system\Commands\Server\rewrite.php(45): require_once('C:\\Users\\sahru\\...')
#5 {main}
CRITICAL - 2021-07-15 00:13:46 --> Too few arguments to function App\Controllers\Loketpanggil::edit(), 0 passed in C:\Users\sahru\Downloads\ci\system\CodeIgniter.php on line 928 and exactly 1 expected
#0 C:\Users\sahru\Downloads\ci\system\CodeIgniter.php(928): App\Controllers\Loketpanggil->edit()
#1 C:\Users\sahru\Downloads\ci\system\CodeIgniter.php(436): CodeIgniter\CodeIgniter->runController(Object(App\Controllers\Loketpanggil))
#2 C:\Users\sahru\Downloads\ci\system\CodeIgniter.php(336): CodeIgniter\CodeIgniter->handleRequest(NULL, Object(Config\Cache), false)
#3 C:\Users\sahru\Downloads\ci\public\index.php(37): CodeIgniter\CodeIgniter->run()
#4 C:\Users\sahru\Downloads\ci\system\Commands\Server\rewrite.php(45): require_once('C:\\Users\\sahru\\...')
#5 {main}
CRITICAL - 2021-07-15 00:13:49 --> Too few arguments to function App\Controllers\Loketpanggil::edit(), 0 passed in C:\Users\sahru\Downloads\ci\system\CodeIgniter.php on line 928 and exactly 1 expected
#0 C:\Users\sahru\Downloads\ci\system\CodeIgniter.php(928): App\Controllers\Loketpanggil->edit()
#1 C:\Users\sahru\Downloads\ci\system\CodeIgniter.php(436): CodeIgniter\CodeIgniter->runController(Object(App\Controllers\Loketpanggil))
#2 C:\Users\sahru\Downloads\ci\system\CodeIgniter.php(336): CodeIgniter\CodeIgniter->handleRequest(NULL, Object(Config\Cache), false)
#3 C:\Users\sahru\Downloads\ci\public\index.php(37): CodeIgniter\CodeIgniter->run()
#4 C:\Users\sahru\Downloads\ci\system\Commands\Server\rewrite.php(45): require_once('C:\\Users\\sahru\\...')
#5 {main}
CRITICAL - 2021-07-15 00:14:48 --> Too few arguments to function App\Controllers\Loketpanggil::edit(), 0 passed in C:\Users\sahru\Downloads\ci\system\CodeIgniter.php on line 928 and exactly 1 expected
#0 C:\Users\sahru\Downloads\ci\system\CodeIgniter.php(928): App\Controllers\Loketpanggil->edit()
#1 C:\Users\sahru\Downloads\ci\system\CodeIgniter.php(436): CodeIgniter\CodeIgniter->runController(Object(App\Controllers\Loketpanggil))
#2 C:\Users\sahru\Downloads\ci\system\CodeIgniter.php(336): CodeIgniter\CodeIgniter->handleRequest(NULL, Object(Config\Cache), false)
#3 C:\Users\sahru\Downloads\ci\public\index.php(37): CodeIgniter\CodeIgniter->run()
#4 C:\Users\sahru\Downloads\ci\system\Commands\Server\rewrite.php(45): require_once('C:\\Users\\sahru\\...')
#5 {main}
CRITICAL - 2021-07-15 00:17:03 --> Too few arguments to function App\Controllers\Loketpanggil::edit(), 0 passed in C:\Users\sahru\Downloads\ci\system\CodeIgniter.php on line 928 and exactly 1 expected
#0 C:\Users\sahru\Downloads\ci\system\CodeIgniter.php(928): App\Controllers\Loketpanggil->edit()
#1 C:\Users\sahru\Downloads\ci\system\CodeIgniter.php(436): CodeIgniter\CodeIgniter->runController(Object(App\Controllers\Loketpanggil))
#2 C:\Users\sahru\Downloads\ci\system\CodeIgniter.php(336): CodeIgniter\CodeIgniter->handleRequest(NULL, Object(Config\Cache), false)
#3 C:\Users\sahru\Downloads\ci\public\index.php(37): CodeIgniter\CodeIgniter->run()
#4 C:\Users\sahru\Downloads\ci\system\Commands\Server\rewrite.php(45): require_once('C:\\Users\\sahru\\...')
#5 {main}
CRITICAL - 2021-07-15 00:20:17 --> Too few arguments to function App\Controllers\Loketpanggil::edit(), 0 passed in C:\Users\sahru\Downloads\ci\system\CodeIgniter.php on line 928 and exactly 1 expected
#0 C:\Users\sahru\Downloads\ci\system\CodeIgniter.php(928): App\Controllers\Loketpanggil->edit()
#1 C:\Users\sahru\Downloads\ci\system\CodeIgniter.php(436): CodeIgniter\CodeIgniter->runController(Object(App\Controllers\Loketpanggil))
#2 C:\Users\sahru\Downloads\ci\system\CodeIgniter.php(336): CodeIgniter\CodeIgniter->handleRequest(NULL, Object(Config\Cache), false)
#3 C:\Users\sahru\Downloads\ci\public\index.php(37): CodeIgniter\CodeIgniter->run()
#4 C:\Users\sahru\Downloads\ci\system\Commands\Server\rewrite.php(45): require_once('C:\\Users\\sahru\\...')
#5 {main}
CRITICAL - 2021-07-15 00:20:42 --> Too few arguments to function App\Controllers\Loketpanggil::edit(), 0 passed in C:\Users\sahru\Downloads\ci\system\CodeIgniter.php on line 928 and exactly 1 expected
#0 C:\Users\sahru\Downloads\ci\system\CodeIgniter.php(928): App\Controllers\Loketpanggil->edit()
#1 C:\Users\sahru\Downloads\ci\system\CodeIgniter.php(436): CodeIgniter\CodeIgniter->runController(Object(App\Controllers\Loketpanggil))
#2 C:\Users\sahru\Downloads\ci\system\CodeIgniter.php(336): CodeIgniter\CodeIgniter->handleRequest(NULL, Object(Config\Cache), false)
#3 C:\Users\sahru\Downloads\ci\public\index.php(37): CodeIgniter\CodeIgniter->run()
#4 C:\Users\sahru\Downloads\ci\system\Commands\Server\rewrite.php(45): require_once('C:\\Users\\sahru\\...')
#5 {main}
