ERROR - 2021-07-18 02:00:56 --> Table 'lab_ci4.antrian' doesn't exist
CRITICAL - 2021-07-18 02:00:56 --> Call to a member function getResultArray() on bool
#0 C:\xampp\htdocs\ci\ci\app\Controllers\Loketpanggil.php(18): App\Models\AntrianModel->getAntrianno(4)
#1 C:\xampp\htdocs\ci\ci\system\CodeIgniter.php(928): App\Controllers\Loketpanggil->index()
#2 C:\xampp\htdocs\ci\ci\system\CodeIgniter.php(436): CodeIgniter\CodeIgniter->runController(Object(App\Controllers\Loketpanggil))
#3 C:\xampp\htdocs\ci\ci\system\CodeIgniter.php(336): CodeIgniter\CodeIgniter->handleRequest(NULL, Object(Config\Cache), false)
#4 C:\xampp\htdocs\ci\ci\public\index.php(37): CodeIgniter\CodeIgniter->run()
#5 C:\xampp\htdocs\ci\ci\system\Commands\Server\rewrite.php(45): require_once('C:\\xampp\\htdocs...')
#6 {main}
ERROR - 2021-07-18 02:01:01 --> Table 'lab_ci4.antrian' doesn't exist
CRITICAL - 2021-07-18 02:01:01 --> Call to a member function getResultArray() on bool
#0 C:\xampp\htdocs\ci\ci\app\Controllers\Loketpanggil.php(18): App\Models\AntrianModel->getAntrianno(4)
#1 C:\xampp\htdocs\ci\ci\system\CodeIgniter.php(928): App\Controllers\Loketpanggil->index()
#2 C:\xampp\htdocs\ci\ci\system\CodeIgniter.php(436): CodeIgniter\CodeIgniter->runController(Object(App\Controllers\Loketpanggil))
#3 C:\xampp\htdocs\ci\ci\system\CodeIgniter.php(336): CodeIgniter\CodeIgniter->handleRequest(NULL, Object(Config\Cache), false)
#4 C:\xampp\htdocs\ci\ci\public\index.php(37): CodeIgniter\CodeIgniter->run()
#5 C:\xampp\htdocs\ci\ci\system\Commands\Server\rewrite.php(45): require_once('C:\\xampp\\htdocs...')
#6 {main}
ERROR - 2021-07-18 02:04:27 --> Table 'ci4.loket' doesn't exist
CRITICAL - 2021-07-18 02:04:27 --> Call to a member function getResultArray() on bool
#0 C:\xampp\htdocs\ci\ci\app\Controllers\Loket.php(25): App\Models\LoketModel->getLoket()
#1 C:\xampp\htdocs\ci\ci\system\CodeIgniter.php(928): App\Controllers\Loket->index()
#2 C:\xampp\htdocs\ci\ci\system\CodeIgniter.php(436): CodeIgniter\CodeIgniter->runController(Object(App\Controllers\Loket))
#3 C:\xampp\htdocs\ci\ci\system\CodeIgniter.php(336): CodeIgniter\CodeIgniter->handleRequest(NULL, Object(Config\Cache), false)
#4 C:\xampp\htdocs\ci\ci\public\index.php(37): CodeIgniter\CodeIgniter->run()
#5 C:\xampp\htdocs\ci\ci\system\Commands\Server\rewrite.php(45): require_once('C:\\xampp\\htdocs...')
#6 {main}
ERROR - 2021-07-18 02:04:36 --> Table 'ci4.loket' doesn't exist
CRITICAL - 2021-07-18 02:04:36 --> Call to a member function getResultArray() on bool
#0 C:\xampp\htdocs\ci\ci\app\Controllers\Loket.php(25): App\Models\LoketModel->getLoket()
#1 C:\xampp\htdocs\ci\ci\system\CodeIgniter.php(928): App\Controllers\Loket->index()
#2 C:\xampp\htdocs\ci\ci\system\CodeIgniter.php(436): CodeIgniter\CodeIgniter->runController(Object(App\Controllers\Loket))
#3 C:\xampp\htdocs\ci\ci\system\CodeIgniter.php(336): CodeIgniter\CodeIgniter->handleRequest(NULL, Object(Config\Cache), false)
#4 C:\xampp\htdocs\ci\ci\public\index.php(37): CodeIgniter\CodeIgniter->run()
#5 C:\xampp\htdocs\ci\ci\system\Commands\Server\rewrite.php(45): require_once('C:\\xampp\\htdocs...')
#6 {main}
